\BOOKMARK [1][-]{section.1}{Introducci\363n}{}% 1
\BOOKMARK [1][-]{section.2}{Arquitectura del sistema}{}% 2
\BOOKMARK [2][-]{subsection.2.1}{Vista est\341tica}{section.2}% 3
\BOOKMARK [2][-]{subsection.2.2}{Vista din\341mica}{section.2}% 4
\BOOKMARK [1][-]{section.3}{Herramientas empleadas}{}% 5
\BOOKMARK [1][-]{section.4}{Manual de instalaci\363n y uso}{}% 6
\BOOKMARK [2][-]{subsection.4.1}{Instalaci\363n del sistema}{section.4}% 7
\BOOKMARK [3][-]{subsubsection.4.1.1}{Python y sus m\363dulos}{subsection.4.1}% 8
\BOOKMARK [3][-]{subsubsection.4.1.2}{Java}{subsection.4.1}% 9
\BOOKMARK [3][-]{subsubsection.4.1.3}{Claves de buscadores}{subsection.4.1}% 10
\BOOKMARK [2][-]{subsection.4.2}{Uso del sistema}{section.4}% 11
\BOOKMARK [3][-]{subsubsection.4.2.1}{Modo interactivo}{subsection.4.2}% 12
\BOOKMARK [3][-]{subsubsection.4.2.2}{Modo batch}{subsection.4.2}% 13
\BOOKMARK [3][-]{subsubsection.4.2.3}{Modo debug}{subsection.4.2}% 14
\BOOKMARK [2][-]{subsection.4.3}{Fichero de configuraci\363n}{section.4}% 15
\BOOKMARK [3][-]{subsubsection.4.3.1}{src/conf/config.conf}{subsection.4.3}% 16
\BOOKMARK [3][-]{subsubsection.4.3.2}{src/conf/logging.conf}{subsection.4.3}% 17
\BOOKMARK [1][-]{section.5}{Algoritmos}{}% 18
\BOOKMARK [2][-]{subsection.5.1}{Query Formulation}{section.5}% 19
\BOOKMARK [3][-]{subsubsection.5.1.1}{Stopwords}{subsection.5.1}% 20
\BOOKMARK [2][-]{subsection.5.2}{Document Segmentation}{section.5}% 21
\BOOKMARK [3][-]{subsubsection.5.2.1}{Split into Lines}{subsection.5.2}% 22
\BOOKMARK [3][-]{subsubsection.5.2.2}{Split into Paragraphs}{subsection.5.2}% 23
\BOOKMARK [3][-]{subsubsection.5.2.3}{Split into Sentences}{subsection.5.2}% 24
\BOOKMARK [2][-]{subsection.5.3}{Passage Filtering}{section.5}% 25
\BOOKMARK [3][-]{subsubsection.5.3.1}{Similarity}{subsection.5.3}% 26
\BOOKMARK [3][-]{subsubsection.5.3.2}{Proximity}{subsection.5.3}% 27
\BOOKMARK [3][-]{subsubsection.5.3.3}{Mixed}{subsection.5.3}% 28
\BOOKMARK [2][-]{subsection.5.4}{Answer Extraction}{section.5}% 29
\BOOKMARK [3][-]{subsubsection.5.4.1}{Entity Recognition}{subsection.5.4}% 30
\BOOKMARK [4][-]{subsubsubsection.1}{Question Classification}{subsubsection.5.4.1}% 31
\BOOKMARK [4][-]{subsubsubsection.2}{Named Entity Recognition}{subsubsection.5.4.1}% 32
\BOOKMARK [4][-]{subsubsubsection.3}{Number Recognition}{subsubsection.5.4.1}% 33
\BOOKMARK [4][-]{subsubsubsection.4}{Other Recognition}{subsubsection.5.4.1}% 34
\BOOKMARK [1][-]{section.6}{Resultados}{}% 35
\BOOKMARK [1][-]{section.7}{Diario de trabajo}{}% 36
\BOOKMARK [2][-]{subsection.7.1}{Jornada del 2012/10/26}{section.7}% 37
\BOOKMARK [2][-]{subsection.7.2}{Jornada del 2012/10/29}{section.7}% 38
\BOOKMARK [2][-]{subsection.7.3}{Jornada del 2012/11/05}{section.7}% 39
\BOOKMARK [2][-]{subsection.7.4}{Jornada del 2012/11/06}{section.7}% 40
\BOOKMARK [2][-]{subsection.7.5}{Jornada del 2012/11/12}{section.7}% 41
\BOOKMARK [2][-]{subsection.7.6}{Jornada del 2012/11/13}{section.7}% 42
\BOOKMARK [2][-]{subsection.7.7}{Jornada del 2012/11/19}{section.7}% 43
\BOOKMARK [2][-]{subsection.7.8}{Jornada del 2012/11/20}{section.7}% 44
\BOOKMARK [2][-]{subsection.7.9}{Jornada del 2012/11/26}{section.7}% 45
\BOOKMARK [2][-]{subsection.7.10}{Jornada del 2012/11/27}{section.7}% 46
\BOOKMARK [2][-]{subsection.7.11}{Jornada del 2012/12/03}{section.7}% 47
\BOOKMARK [2][-]{subsection.7.12}{Jornada del 2012/12/04}{section.7}% 48
\BOOKMARK [2][-]{subsection.7.13}{Jornada del 2012/12/10}{section.7}% 49
\BOOKMARK [2][-]{subsection.7.14}{Jornada del 2012/12/11}{section.7}% 50
\BOOKMARK [2][-]{subsection.7.15}{Jornada del 2012/12/17}{section.7}% 51
\BOOKMARK [2][-]{subsection.7.16}{Jornada del 2012/12/18}{section.7}% 52
\BOOKMARK [2][-]{subsection.7.17}{Jornada del 2012/12/26}{section.7}% 53
\BOOKMARK [2][-]{subsection.7.18}{Jornada del 2013/01/02}{section.7}% 54
\BOOKMARK [2][-]{subsection.7.19}{Jornada del 2013/01/11}{section.7}% 55
\BOOKMARK [2][-]{subsection.7.20}{Jornada del 2013/01/24}{section.7}% 56
\BOOKMARK [2][-]{subsection.7.21}{Jornada del 2013/01/29}{section.7}% 57
\BOOKMARK [2][-]{subsection.7.22}{Jornada del 2013/01/30}{section.7}% 58
\BOOKMARK [1][-]{section.8}{Bibliograf\355a}{}% 59
